<?xml version="1.0" encoding="UTF-8"?>
<!-- Generated by org.testng.reporters.JUnitReportReporter -->
<testsuite skipped="0" hostname="PC225" name="Login" tests="1" failures="0" timestamp="13 Aug 2018 08:29:35 GMT" time="0.014" errors="0">
  <testcase name="testmethod" time="0.014" classname="Login"/>
</testsuite> <!-- Login -->
